Build started 02/11/2013 18:09:28.
     1>Project "C:\Users\Ben\Documents\Development\VSTDEV\Plugins\Crush!\Crush!\Crush!.vcxproj" on node 2 (build target(s)).
     1>InitializeBuildStatus:
         Touching "Debug\Crush.unsuccessfulbuild".
       ClCompile:
         c:\Program Files (x86)\Microsoft Visual Studio 10.0\VC\bin\CL.exe /c /I"C:\Users\Ben\Documents\Development\VSTDEV\Plugins\Crush!\\..\vstsdk2.4" /I"C:\Users\Ben\Documents\Development\VSTDEV\Plugins\Crush!\\..\vstsdk2.4\public.sdk\source\vst2.x\\" /ZI /nologo /W3 /WX- /Od /Oy- /D _MBCS /D _WINDLL /D _WINDLL /D WIN32 /D _DEBUG /D _WINDOWS /D _USRDLL /D LAB1_EXPORTS /D _CRT_SECURE_NO_DEPRECATE=1 /Gm /EHsc /RTC1 /MTd /GS /fp:precise /Zc:wchar_t /Zc:forScope /Fo"Debug\\" /Fd"Debug\vc100.pdb" /Gd /TP /analyze- /errorReport:prompt ..\..\vstsdk2.4\public.sdk\source\vst2.x\audioeffect.cpp ..\..\vstsdk2.4\public.sdk\source\vst2.x\audioeffectx.cpp ..\..\vstsdk2.4\public.sdk\source\vst2.x\vstplugmain.cpp "Crush!_main.cpp"
         Crush!_main.cpp
     1>c:\users\ben\documents\development\vstdev\plugins\crush!\crush!\crush!_main.cpp(111): warning C4244: '=' : conversion from 'double' to 'float', possible loss of data
     1>c:\users\ben\documents\development\vstdev\plugins\crush!\crush!\crush!_main.cpp(117): warning C4244: '=' : conversion from 'double' to 'float', possible loss of data
     1>c:\users\ben\documents\development\vstdev\plugins\crush!\crush!\crush!_main.cpp(118): warning C4244: '=' : conversion from 'double' to 'float', possible loss of data
         vstplugmain.cpp
         audioeffectx.cpp
         audioeffect.cpp
         Generating Code...
       Link:
         c:\Program Files (x86)\Microsoft Visual Studio 10.0\VC\bin\link.exe /ERRORREPORT:PROMPT /OUT:"C:\Users\Ben\Documents\Development\VSTDEV\Plugins\Crush!\Debug\Crush.dll" /NOLOGO kernel32.lib user32.lib gdi32.lib winspool.lib comdlg32.lib advapi32.lib shell32.lib ole32.lib oleaut32.lib uuid.lib odbc32.lib odbccp32.lib /DEF:"../../vstsdk2.4/public.sdk/samples/vst2.x/win/vstplug.def" /MANIFEST /ManifestFile:"Debug\Crush.dll.intermediate.manifest" /MANIFESTUAC:"level='asInvoker' uiAccess='false'" /DEBUG /PDB:"C:\Users\Ben\Documents\Development\VSTDEV\Plugins\Crush!\Debug\Crush.pdb" /TLBID:1 /DYNAMICBASE /NXCOMPAT /IMPLIB:"C:\Users\Ben\Documents\Development\VSTDEV\Plugins\Crush!\Debug\Crush.lib" /MACHINE:X86 /DLL Debug\audioeffect.obj
         Debug\audioeffectx.obj
         Debug\vstplugmain.obj
         "Debug\Crush!_main.obj"
            Creating library C:\Users\Ben\Documents\Development\VSTDEV\Plugins\Crush!\Debug\Crush.lib and object C:\Users\Ben\Documents\Development\VSTDEV\Plugins\Crush!\Debug\Crush.exp
         Crush!.vcxproj -> C:\Users\Ben\Documents\Development\VSTDEV\Plugins\Crush!\Debug\Crush.dll
       Manifest:
         C:\Program Files (x86)\Microsoft SDKs\Windows\v7.0A\bin\mt.exe /nologo /verbose /outputresource:"C:\Users\Ben\Documents\Development\VSTDEV\Plugins\Crush!\Debug\Crush.dll;#2" /manifest Debug\Crush.dll.intermediate.manifest
       FinalizeBuildStatus:
         Deleting file "Debug\Crush.unsuccessfulbuild".
         Touching "Debug\Crush.lastbuildstate".
     1>Done Building Project "C:\Users\Ben\Documents\Development\VSTDEV\Plugins\Crush!\Crush!\Crush!.vcxproj" (build target(s)).

Build succeeded.

Time Elapsed 00:00:01.21
