C:\USERS\BEN\DOCUMENTS\DEVELOPMENT\VSTDEV\PLUGINS\CRUSH!\CRUSH!\DEBUG\AUDIOEFFECT.OBJ
C:\USERS\BEN\DOCUMENTS\DEVELOPMENT\VSTDEV\PLUGINS\CRUSH!\CRUSH!\DEBUG\AUDIOEFFECTX.OBJ
C:\USERS\BEN\DOCUMENTS\DEVELOPMENT\VSTDEV\PLUGINS\CRUSH!\CRUSH!\DEBUG\BAREBONE_VST_MAIN.OBJ
C:\Users\Ben\Documents\Development\VSTDEV\Plugins\Crush!\Crush!\Debug\cl.command.1.tlog
C:\Users\Ben\Documents\Development\VSTDEV\Plugins\Crush!\Crush!\Debug\CL.read.1.tlog
C:\Users\Ben\Documents\Development\VSTDEV\Plugins\Crush!\Crush!\Debug\CL.write.1.tlog
C:\USERS\BEN\DOCUMENTS\DEVELOPMENT\VSTDEV\PLUGINS\CRUSH!\CRUSH!\DEBUG\CRUSH!.DLL.INTERMEDIATE.MANIFEST
C:\Users\Ben\Documents\Development\VSTDEV\Plugins\Crush!\Crush!\Debug\Crush!.write.1.tlog
C:\Users\Ben\Documents\Development\VSTDEV\Plugins\Crush!\Crush!\Debug\link.command.1.tlog
C:\Users\Ben\Documents\Development\VSTDEV\Plugins\Crush!\Crush!\Debug\link.read.1.tlog
C:\Users\Ben\Documents\Development\VSTDEV\Plugins\Crush!\Crush!\Debug\link.write.1.tlog
C:\Users\Ben\Documents\Development\VSTDEV\Plugins\Crush!\Crush!\Debug\mt.command.1.tlog
C:\Users\Ben\Documents\Development\VSTDEV\Plugins\Crush!\Crush!\Debug\mt.read.1.tlog
C:\Users\Ben\Documents\Development\VSTDEV\Plugins\Crush!\Crush!\Debug\mt.write.1.tlog
C:\Users\Ben\Documents\Development\VSTDEV\Plugins\Crush!\Crush!\Debug\vc100.idb
C:\USERS\BEN\DOCUMENTS\DEVELOPMENT\VSTDEV\PLUGINS\CRUSH!\CRUSH!\DEBUG\VC100.PDB
C:\USERS\BEN\DOCUMENTS\DEVELOPMENT\VSTDEV\PLUGINS\CRUSH!\CRUSH!\DEBUG\VSTPLUGMAIN.OBJ
C:\USERS\BEN\DOCUMENTS\DEVELOPMENT\VSTDEV\PLUGINS\CRUSH!\DEBUG\CRUSH!.DLL
C:\Users\Ben\Documents\Development\VSTDEV\Plugins\Crush!\Debug\Crush!.exp
C:\USERS\BEN\DOCUMENTS\DEVELOPMENT\VSTDEV\PLUGINS\CRUSH!\DEBUG\CRUSH!.ILK
C:\Users\Ben\Documents\Development\VSTDEV\Plugins\Crush!\Debug\Crush!.lib
C:\USERS\BEN\DOCUMENTS\DEVELOPMENT\VSTDEV\PLUGINS\CRUSH!\DEBUG\CRUSH!.PDB
